<?xml version="1.0" encoding="UTF-8"?>
<!-- Generated by org.testng.reporters.JUnitReportReporter -->
<testsuite hostname="cedcoss-H310M-S2-2-0" failures="0" tests="3" name="runner.ShopifyToWishBulkOperationsValidation" time="56.795" errors="0" timestamp="2022-10-31T20:20:45 IST" skipped="0">
  <testcase classname="runner.ShopifyToWishBulkOperationsValidation" name="validateTC_03" time="35.535"/>
  <system-out/>
  <testcase classname="runner.ShopifyToWishBulkOperationsValidation" name="validateTC_01" time="15.249"/>
  <system-out/>
  <testcase classname="runner.ShopifyToWishBulkOperationsValidation" name="validateTC_02" time="6.011"/>
  <system-out/>
</testsuite> <!-- runner.ShopifyToWishBulkOperationsValidation -->
