<?xml version="1.0" encoding="UTF-8"?>
<!-- Generated by org.testng.reporters.JUnitReportReporter -->
<testsuite hostname="cedcoss-H310M-S2-2-0" failures="0" tests="3" name="runner.ShopifyToWishHelpValidation" time="48.739" errors="0" timestamp="2022-11-01T16:23:07 IST" skipped="0">
  <testcase classname="runner.ShopifyToWishHelpValidation" name="validateTC_01" time="14.733"/>
  <system-out/>
  <testcase classname="runner.ShopifyToWishHelpValidation" name="validateTC_02" time="4.809"/>
  <system-out/>
  <testcase classname="runner.ShopifyToWishHelpValidation" name="validateTC_03" time="29.197"/>
  <system-out/>
</testsuite> <!-- runner.ShopifyToWishHelpValidation -->
