<?xml version="1.0" encoding="UTF-8"?>
<!-- Generated by org.testng.reporters.JUnitReportReporter -->
<testsuite hostname="cedcoss-H310M-S2-2-0" failures="0" tests="3" name="runner.ShopifyWishOnboardingValidation" time="164.811" errors="0" timestamp="2022-11-21T10:31:49 IST" skipped="0">
  <testcase classname="runner.ShopifyWishOnboardingValidation" name="validateTC_01" time="13.692"/>
  <system-out/>
  <testcase classname="runner.ShopifyWishOnboardingValidation" name="validateTC_02" time="3.943"/>
  <system-out/>
  <testcase classname="runner.ShopifyWishOnboardingValidation" name="validateTC_03" time="147.176"/>
  <system-out/>
</testsuite> <!-- runner.ShopifyWishOnboardingValidation -->
