<?xml version="1.0" encoding="UTF-8"?>
<!-- Generated by org.testng.reporters.JUnitReportReporter -->
<testsuite hostname="cedcoss-H310M-S2-2-0" failures="0" tests="3" name="runner.ShopifyToWishHomeValidation" time="176.843" errors="0" timestamp="2022-11-11T11:18:54 IST" skipped="0">
  <testcase classname="runner.ShopifyToWishHomeValidation" name="validateTC_01" time="14.636"/>
  <system-out/>
  <testcase classname="runner.ShopifyToWishHomeValidation" name="validateTC_03" time="157.529"/>
  <system-out/>
  <testcase classname="runner.ShopifyToWishHomeValidation" name="validateTC_02" time="4.678"/>
  <system-out/>
</testsuite> <!-- runner.ShopifyToWishHomeValidation -->
