<?xml version="1.0" encoding="UTF-8"?>
<!-- Generated by org.testng.reporters.JUnitReportReporter -->
<testsuite hostname="cedcoss-H310M-S2-2-0" failures="0" tests="2" name="runner.Runner" time="22.492" errors="0" timestamp="2022-10-19T17:30:14 IST" skipped="0">
  <testcase classname="runner.Runner" name="validateTC_02" time="4.536"/>
  <system-out/>
  <testcase classname="runner.Runner" name="validateTC_01" time="17.956"/>
  <system-out/>
</testsuite> <!-- runner.Runner -->
