<?xml version="1.0" encoding="UTF-8"?>
<!-- Generated by org.testng.reporters.JUnitReportReporter -->
<testsuite hostname="cedcoss-H310M-S2-2-0" failures="0" tests="3" name="runner.ShopifyToWishContactUsValidation" time="54.092" errors="0" timestamp="2022-11-02T13:01:41 IST" skipped="0">
  <testcase classname="runner.ShopifyToWishContactUsValidation" name="validateTC_01" time="19.312"/>
  <system-out/>
  <testcase classname="runner.ShopifyToWishContactUsValidation" name="validateTC_02" time="5.161"/>
  <system-out/>
  <testcase classname="runner.ShopifyToWishContactUsValidation" name="validateTC_03" time="29.619"/>
  <system-out/>
</testsuite> <!-- runner.ShopifyToWishContactUsValidation -->
