<?xml version="1.0" encoding="UTF-8"?>
<!-- Generated by org.testng.reporters.JUnitReportReporter -->
<testsuite hostname="cedcoss-H310M-S2-2-0" failures="0" tests="3" name="runner.ShopifyToWishWishNotificationsValidation" time="36.859" errors="0" timestamp="2022-11-02T14:03:59 IST" skipped="0">
  <testcase classname="runner.ShopifyToWishWishNotificationsValidation" name="validateTC_02" time="4.669"/>
  <system-out/>
  <testcase classname="runner.ShopifyToWishWishNotificationsValidation" name="validateTC_01" time="16.125"/>
  <system-out/>
  <testcase classname="runner.ShopifyToWishWishNotificationsValidation" name="validateTC_03" time="16.065"/>
  <system-out/>
</testsuite> <!-- runner.ShopifyToWishWishNotificationsValidation -->
