<?xml version="1.0" encoding="UTF-8"?>
<!-- Generated by org.testng.reporters.JUnitReportReporter -->
<testsuite hostname="cedcoss-H310M-S2-2-0" failures="0" tests="2" name="runner.ShopifyWishInstallationValidation" time="193.842" errors="0" timestamp="2022-11-21T17:26:14 IST" skipped="0">
  <testcase classname="runner.ShopifyWishInstallationValidation" name="validateTC_02" time="163.611"/>
  <system-out/>
  <testcase classname="runner.ShopifyWishInstallationValidation" name="validateTC_01" time="30.231"/>
  <system-out/>
</testsuite> <!-- runner.ShopifyWishInstallationValidation -->
